-- object: public.ville | type: TABLE --
DROP TABLE IF EXISTS public.ville CASCADE;
DROP TABLE
CREATE TABLE public.ville (
	id_ville integer NOT NULL GENERATED ALWAYS AS IDENTITY ,
	nom varchar(60),
	id_departement smallint NOT NULL,
	code_postal integer NOT NULL,
	CONSTRAINT ville_pk PRIMARY KEY (id_ville)
);
CREATE TABLE
-- ddl-end --
ALTER TABLE public.ville OWNER TO dev_role;
-- ddl-end --
-- object: public.prevision | type: TABLE --
DROP TABLE IF EXISTS public.prevision CASCADE;
DROP TABLE
CREATE TABLE public.prevision (
	id_prevision integer NOT NULL GENERATED ALWAYS AS IDENTITY ,
	temperature decimal(5,2) NOT NULL,
	temperature_min decimal(5,2),
	temperature_max decimal(5,2),
	temperature_matin decimal(5,2),
	temperature_apres_midi decimal(5,2),
	temperature_nuit decimal(5,2),
	description varchar(30) NOT NULL,
	direction_vent smallint,
	force_vent decimal(5,2),
	jour date NOT NULL,
	last_update date NOT NULL,
	id_ville integer NOT NULL,
	CONSTRAINT prevision_pk PRIMARY KEY (id_prevision)
);
CREATE TABLE
-- ddl-end --
COMMENT ON COLUMN public.prevision.direction_vent IS E'en degrés';
COMMENT
-- ddl-end --
COMMENT ON COLUMN public.prevision.force_vent IS E'en km/h';
COMMENT
-- ddl-end --
ALTER TABLE public.prevision OWNER TO dev_role;
-- ddl-end --
-- object: public.departement | type: TABLE --
DROP TABLE IF EXISTS public.departement CASCADE;
DROP TABLE
CREATE TABLE public.departement (
	id_departement smallint NOT NULL GENERATED ALWAYS AS IDENTITY ,
	nom varchar(50),
	code varchar(3) NOT NULL,
	CONSTRAINT departement_pk PRIMARY KEY (id_departement)
);
CREATE TABLE
-- ddl-end --
ALTER TABLE public.departement OWNER TO dev_role;
-- ddl-end --
-- object: departement_fk | type: CONSTRAINT --
-- ALTER TABLE public.ville DROP CONSTRAINT IF EXISTS departement_fk CASCADE;
ALTER TABLE public.ville ADD CONSTRAINT departement_fk FOREIGN KEY (id_departement)
REFERENCES public.departement (id_departement) MATCH FULL
ON DELETE RESTRICT ON UPDATE CASCADE;
ALTER TABLE
-- ddl-end --
-- object: ville_fk | type: CONSTRAINT --
-- ALTER TABLE public.prevision DROP CONSTRAINT IF EXISTS ville_fk CASCADE;
ALTER TABLE public.prevision ADD CONSTRAINT ville_fk FOREIGN KEY (id_ville)
REFERENCES public.ville (id_ville) MATCH FULL
ON DELETE RESTRICT ON UPDATE CASCADE;
ALTER TABLE
-- ddl-end --
